<?xml version="1.0" encoding="utf-8"?><testsuites name="pytest tests"><testsuite name="pytest" errors="0" failures="0" skipped="0" tests="26" time="18.404" timestamp="2026-04-23T15:58:19.090145+00:00" hostname="agent-env-212e2407-7b48-47ec-a9be-67175c7e74dd"><testcase classname="backend.tests.backend_test.TestCategories" name="test_categories_returns_seven" time="0.161" /><testcase classname="backend.tests.backend_test.TestAuth" name="test_session_missing_session_id" time="0.122" /><testcase classname="backend.tests.backend_test.TestAuth" name="test_me_without_auth" time="0.117" /><testcase classname="backend.tests.backend_test.TestAuth" name="test_me_with_bearer" time="0.109" /><testcase classname="backend.tests.backend_test.TestAuth" name="test_me_with_invalid_token" time="0.138" /><testcase classname="backend.tests.backend_test.TestLeaderboard" name="test_leaderboard[daily]" time="0.116" /><testcase classname="backend.tests.backend_test.TestLeaderboard" name="test_leaderboard[weekly]" time="0.113" /><testcase classname="backend.tests.backend_test.TestLeaderboard" name="test_leaderboard[all]" time="0.130" /><testcase classname="backend.tests.backend_test.TestRooms" name="test_create_public_room_and_listed" time="0.363" /><testcase classname="backend.tests.backend_test.TestRooms" name="test_create_private_room_not_in_public" time="0.227" /><testcase classname="backend.tests.backend_test.TestRooms" name="test_get_unknown_room_404" time="0.154" /><testcase classname="backend.tests.backend_test.TestRooms" name="test_create_room_requires_auth" time="0.102" /><testcase classname="backend.tests.backend_test.TestProfile" name="test_profile_me" time="0.103" /><testcase classname="backend.tests.backend_test.TestProfile" name="test_profile_requires_auth" time="0.113" /><testcase classname="backend.tests.backend_test.TestAdmin" name="test_admin_requires_admin" time="0.115" /><testcase classname="backend.tests.backend_test.TestAdmin" name="test_admin_users_list" time="0.128" /><testcase classname="backend.tests.backend_test.TestAdmin" name="test_admin_words_crud" time="0.449" /><testcase classname="backend.tests.backend_test.TestAdmin" name="test_admin_words_invalid_category" time="0.120" /><testcase classname="backend.tests.backend_test.TestAdmin" name="test_admin_ban_and_mute_cycle" time="0.808" /><testcase classname="backend.tests.backend_test.TestLogout" name="test_logout_clears_session" time="0.287" /><testcase classname="backend.tests.backend_test" name="test_ws_unauthorized" time="0.192" /><testcase classname="backend.tests.backend_test" name="test_ws_room_not_found" time="0.198" /><testcase classname="backend.tests.backend_test" name="test_full_game_flow_two_players" time="8.259" /><testcase classname="backend.tests.backend_test" name="test_ws_invalid_word_gets_zero_when_not_start_with_letter" time="3.033" /><testcase classname="backend.tests.backend_test" name="test_ws_reconnect_resilience" time="1.614" /><testcase classname="backend.tests.backend_test" name="test_ws_solo_reconnect_room_destroyed_bug" time="0.993" /></testsuite></testsuites>